<?xml version="1.0" encoding="UTF-8"?>
<!-- Generated by org.testng.reporters.JUnitReportReporter -->
<testsuite hostname="EC2AMAZ-EHR6SVV" failures="0" tests="5" name="com.Notes.Create_Notes_All_Negative_TCS" time="1.927" errors="0" timestamp="2024-12-24T12:44:48 IST" skipped="0">
  <testcase classname="com.Notes.Create_Notes_All_Negative_TCS" name="createNotes_TCS" time="0.372"/>
  <system-out/>
  <testcase classname="com.Notes.Create_Notes_All_Negative_TCS" name="createNotes_TCS" time="0.382"/>
  <system-out/>
  <testcase classname="com.Notes.Create_Notes_All_Negative_TCS" name="createNotes_TCS" time="0.385"/>
  <system-out/>
  <testcase classname="com.Notes.Create_Notes_All_Negative_TCS" name="createNotes_TCS" time="0.402"/>
  <system-out/>
  <testcase classname="com.Notes.Create_Notes_All_Negative_TCS" name="createNotes_TCS" time="0.386"/>
  <system-out/>
</testsuite> <!-- com.Notes.Create_Notes_All_Negative_TCS -->
