<?xml version="1.0" encoding="UTF-8"?>
<!-- Generated by org.testng.reporters.JUnitReportReporter -->
<testsuite hostname="EC2AMAZ-EHR6SVV" failures="0" tests="1" name="com.Notes.CreateToken" time="0.494" errors="0" timestamp="2024-12-23T12:39:15 IST" skipped="0">
  <testcase classname="com.Notes.CreateToken" name="getToken" time="0.494"/>
  <system-out/>
</testsuite> <!-- com.Notes.CreateToken -->
