<?xml version="1.0" encoding="UTF-8"?>
<!-- Generated by org.testng.reporters.JUnitReportReporter -->
<testsuite hostname="EC2AMAZ-EHR6SVV" failures="0" tests="1" name="com.Countries.RetriveACountry" time="0.529" errors="0" timestamp="2024-12-24T11:21:09 IST" skipped="0">
  <testcase classname="com.Countries.RetriveACountry" name="getDefaultCountry" time="0.529"/>
  <system-out/>
</testsuite> <!-- com.Countries.RetriveACountry -->
