<?xml version="1.0" encoding="UTF-8"?>
<!-- Generated by org.testng.reporters.JUnitReportReporter -->
<testsuite hostname="EC2AMAZ-EHR6SVV" failures="0" tests="3" name="com.Notes.Create_Notes_All_TCS" time="1.381" errors="0" timestamp="2024-12-23T10:00:55 IST" skipped="0">
  <testcase classname="com.Notes.Create_Notes_All_TCS" name="createNotes_TCS" time="0.461"/>
  <system-out/>
  <testcase classname="com.Notes.Create_Notes_All_TCS" name="createNotes_TCS" time="0.459"/>
  <system-out/>
  <testcase classname="com.Notes.Create_Notes_All_TCS" name="createNotes_TCS" time="0.461"/>
  <system-out/>
</testsuite> <!-- com.Notes.Create_Notes_All_TCS -->
