<?xml version="1.0" encoding="UTF-8"?>
<!-- Generated by org.testng.reporters.JUnitReportReporter -->
<testsuite hostname="EC2AMAZ-EHR6SVV" failures="0" tests="1" name="com.Notes.CreateNote" time="0.457" errors="0" timestamp="2024-12-24T12:44:48 IST" skipped="0">
  <testcase classname="com.Notes.CreateNote" name="createNotes" time="0.457"/>
  <system-out/>
</testsuite> <!-- com.Notes.CreateNote -->
