<?xml version="1.0" encoding="UTF-8"?>
<!-- Generated by org.testng.reporters.JUnitReportReporter -->
<testsuite hostname="EC2AMAZ-EHR6SVV" failures="0" tests="5" name="com.Notes.LoginAsExisting_User_All_TCS" time="4.728" errors="0" timestamp="2024-12-20T11:16:52 IST" skipped="0">
  <testcase classname="com.Notes.LoginAsExisting_User_All_TCS" name="loginAsExistingUser_TCS" time="0.360"/>
  <system-out/>
  <testcase classname="com.Notes.LoginAsExisting_User_All_TCS" name="loginAsExistingUser_TCS" time="0.337"/>
  <system-out/>
  <testcase classname="com.Notes.LoginAsExisting_User_All_TCS" name="loginAsExistingUser_TCS" time="3.238"/>
  <system-out/>
  <testcase classname="com.Notes.LoginAsExisting_User_All_TCS" name="loginAsExistingUser_TCS" time="0.466"/>
  <system-out/>
  <testcase classname="com.Notes.LoginAsExisting_User_All_TCS" name="loginAsExistingUser_TCS" time="0.327"/>
  <system-out/>
</testsuite> <!-- com.Notes.LoginAsExisting_User_All_TCS -->
