<?xml version="1.0" encoding="UTF-8"?>
<!-- Generated by org.testng.reporters.JUnitReportReporter -->
<testsuite hostname="EC2AMAZ-EHR6SVV" failures="0" tests="4" name="com.Notes.All_Soap_Requests" time="4.558" errors="0" timestamp="2024-12-24T09:55:04 IST" skipped="0">
  <testcase classname="com.Notes.All_Soap_Requests" name="post_operation" time="0.618"/>
  <system-out/>
  <testcase classname="com.Notes.All_Soap_Requests" name="post_operation" time="2.731"/>
  <system-out/>
  <testcase classname="com.Notes.All_Soap_Requests" name="post_operation" time="0.600"/>
  <system-out/>
  <testcase classname="com.Notes.All_Soap_Requests" name="post_operation" time="0.609"/>
  <system-out/>
</testsuite> <!-- com.Notes.All_Soap_Requests -->
