<?xml version="1.0" encoding="UTF-8"?>
<!-- Generated by org.testng.reporters.JUnitReportReporter -->
<testsuite hostname="EC2AMAZ-EHR6SVV" failures="0" tests="5" name="com.Notes.Create_Notes_All_Negative_TCS" time="1.818" errors="0" timestamp="2024-12-23T12:39:15 IST" skipped="0">
  <testcase classname="com.Notes.Create_Notes_All_Negative_TCS" name="createNotes_TCS" time="0.376"/>
  <system-out/>
  <testcase classname="com.Notes.Create_Notes_All_Negative_TCS" name="createNotes_TCS" time="0.364"/>
  <system-out/>
  <testcase classname="com.Notes.Create_Notes_All_Negative_TCS" name="createNotes_TCS" time="0.362"/>
  <system-out/>
  <testcase classname="com.Notes.Create_Notes_All_Negative_TCS" name="createNotes_TCS" time="0.355"/>
  <system-out/>
  <testcase classname="com.Notes.Create_Notes_All_Negative_TCS" name="createNotes_TCS" time="0.361"/>
  <system-out/>
</testsuite> <!-- com.Notes.Create_Notes_All_Negative_TCS -->
