<?xml version="1.0" encoding="UTF-8"?>
<!-- Generated by org.testng.reporters.JUnitReportReporter -->
<testsuite hostname="EC2AMAZ-EHR6SVV" failures="0" tests="1" name="com.Countries.GetDefaultCountry" time="0.513" errors="0" timestamp="2024-12-23T12:39:15 IST" skipped="0">
  <testcase classname="com.Countries.GetDefaultCountry" name="getDefaultCountry" time="0.513"/>
  <system-out/>
</testsuite> <!-- com.Countries.GetDefaultCountry -->
