<?xml version="1.0" encoding="UTF-8"?>
<!-- Generated by org.testng.reporters.JUnitReportReporter -->
<testsuite hostname="EC2AMAZ-EHR6SVV" failures="0" tests="3" name="com.Notes.Create_Notes_ExtentReport" time="1.462" errors="0" timestamp="2024-12-23T10:42:07 IST" skipped="0">
  <testcase classname="com.Notes.Create_Notes_ExtentReport" name="createNotes" time="0.533"/>
  <system-out/>
  <testcase classname="com.Notes.Create_Notes_ExtentReport" name="updateNotes" time="0.500"/>
  <system-out/>
  <testcase classname="com.Notes.Create_Notes_ExtentReport" name="DeleteNotes" time="0.429"/>
  <system-out/>
</testsuite> <!-- com.Notes.Create_Notes_ExtentReport -->
