<?xml version="1.0" encoding="UTF-8"?>
<!-- Generated by org.testng.reporters.JUnitReportReporter -->
<testsuite hostname="EC2AMAZ-EHR6SVV" failures="0" tests="1" name="com.Notes.Create_Notes_Calling_Baseclass" time="0.490" errors="0" timestamp="2024-12-20T09:39:51 IST" skipped="0">
  <testcase classname="com.Notes.Create_Notes_Calling_Baseclass" name="createNotes" time="0.490"/>
  <system-out/>
</testsuite> <!-- com.Notes.Create_Notes_Calling_Baseclass -->
