<?xml version="1.0" encoding="UTF-8"?>
<!-- Generated by org.testng.reporters.JUnitReportReporter -->
<testsuite hostname="EC2AMAZ-EHR6SVV" failures="0" tests="3" name="com.Notes.Create_Notes_All_TCS" time="1.375" errors="0" timestamp="2024-12-24T12:09:08 IST" skipped="0">
  <testcase classname="com.Notes.Create_Notes_All_TCS" name="createNotes_TCS" time="0.461"/>
  <testcase classname="com.Notes.Create_Notes_All_TCS" name="createNotes_TCS" time="0.460"/>
  <testcase classname="com.Notes.Create_Notes_All_TCS" name="createNotes_TCS" time="0.454"/>
</testsuite> <!-- com.Notes.Create_Notes_All_TCS -->
